0 info it worked if it ends with ok
1 verbose cli [ '/usr/local/Cellar/node4-lts/4.3.1/bin/node',
1 verbose cli   '/Users/sebastiennicolaidis/.npm-packages/bin/npm',
1 verbose cli   'start' ]
2 info using npm@3.8.1
3 info using node@v4.3.1
4 verbose stack Error: Failed to parse json
4 verbose stack Trailing comma in object at 8:3
4 verbose stack   },
4 verbose stack   ^
4 verbose stack     at parseError (/Users/sebastiennicolaidis/.npm-packages/lib/node_modules/npm/node_modules/read-package-json/read-json.js:379:11)
4 verbose stack     at parseJson (/Users/sebastiennicolaidis/.npm-packages/lib/node_modules/npm/node_modules/read-package-json/read-json.js:68:23)
4 verbose stack     at /Users/sebastiennicolaidis/.npm-packages/lib/node_modules/npm/node_modules/read-package-json/read-json.js:48:5
4 verbose stack     at /Users/sebastiennicolaidis/.npm-packages/lib/node_modules/npm/node_modules/graceful-fs/graceful-fs.js:78:16
4 verbose stack     at FSReqWrap.readFileAfterClose [as oncomplete] (fs.js:380:3)
5 verbose cwd /Users/sebastiennicolaidis/node/react-skeleton
6 error Darwin 15.4.0
7 error argv "/usr/local/Cellar/node4-lts/4.3.1/bin/node" "/Users/sebastiennicolaidis/.npm-packages/bin/npm" "start"
8 error node v4.3.1
9 error npm  v3.8.1
10 error file /Users/sebastiennicolaidis/node/react-skeleton/package.json
11 error code EJSONPARSE
12 error Failed to parse json
12 error Trailing comma in object at 8:3
12 error   },
12 error   ^
13 error File: /Users/sebastiennicolaidis/node/react-skeleton/package.json
14 error Failed to parse package.json data.
14 error package.json must be actual JSON, not just JavaScript.
14 error
14 error This is not a bug in npm.
14 error Tell the package author to fix their package.json file. JSON.parse
15 verbose exit [ 1, true ]
